{
  "stats": {
    "suites": 4,
    "tests": 7,
    "passes": 7,
    "pending": 0,
    "failures": 0,
    "start": "2022-11-04T12:19:40.423Z",
    "end": "2022-11-04T12:21:11.757Z",
    "duration": 60370,
    "testsRegistered": 7,
    "passPercent": 100,
    "pendingPercent": 0,
    "other": 0,
    "hasOther": false,
    "skipped": 0,
    "hasSkipped": false
  },
  "results": [
    {
      "uuid": "288d5c82-3e1b-47aa-9280-3338a1a2bf7c",
      "title": "",
      "fullFile": "cypress/e2e/2-Ecommerce/registeruser.js",
      "file": "cypress/e2e/2-Ecommerce/registeruser.js",
      "beforeHooks": [],
      "afterHooks": [],
      "tests": [],
      "suites": [
        {
          "uuid": "bb73de69-92e2-431c-acdf-ddbb53b4cb70",
          "title": "Register User",
          "fullFile": "",
          "file": "",
          "beforeHooks": [],
          "afterHooks": [],
          "tests": [
            {
              "title": "Register valid users",
              "fullTitle": "Register User Register valid users",
              "timedOut": null,
              "duration": 25559,
              "state": "passed",
              "speed": "slow",
              "pass": true,
              "fail": false,
              "pending": false,
              "context": null,
              "code": "cy.visit('https://ecommerce-playground.lambdatest.io/index.php?route=account/register');\ncy.get('#input-firstname').type('Test');\ncy.get('#input-lastname').type('test');\ncy.get('#input-email').type(randomEmail());\ncy.get('#input-telephone').type('9899920881');\ncy.get('#input-password').type('123456');\ncy.get('#input-confirm').type('123456');\ncy.get('.custom-radio:nth-child(1) > .custom-control-label').click();\ncy.get('#input-agree').check({\n  force: true\n});\ncy.get('.btn:nth-child(2)').click();\ncy.url().should('contains', 'https://ecommerce-playground.lambdatest.io/index.php');\ncy.get(\"h1\").should(\"have.text\", \" Your Account Has Been Created!\");",
              "err": {},
              "uuid": "eb38b1cb-d875-414a-83b2-fd47bdea4de6",
              "parentUUID": "bb73de69-92e2-431c-acdf-ddbb53b4cb70",
              "isHook": false,
              "skipped": false
            }
          ],
          "suites": [],
          "passes": [
            "eb38b1cb-d875-414a-83b2-fd47bdea4de6"
          ],
          "failures": [],
          "pending": [],
          "skipped": [],
          "duration": 25559,
          "root": false,
          "rootEmpty": false,
          "_timeout": 2000
        }
      ],
      "passes": [],
      "failures": [],
      "pending": [],
      "skipped": [],
      "duration": 0,
      "root": true,
      "rootEmpty": true,
      "_timeout": 2000
    },
    {
      "uuid": "b8cea958-7830-4615-8d58-d6e0ccde6539",
      "title": "",
      "fullFile": "cypress/e2e/2-Ecommerce/registeruser_pom.js",
      "file": "cypress/e2e/2-Ecommerce/registeruser_pom.js",
      "beforeHooks": [],
      "afterHooks": [],
      "tests": [],
      "suites": [
        {
          "uuid": "088c7cb8-b35e-4f76-9e20-a96751a1d598",
          "title": "Register User",
          "fullFile": "",
          "file": "",
          "beforeHooks": [],
          "afterHooks": [],
          "tests": [
            {
              "title": "Register valid users",
              "fullTitle": "Register User Register valid users",
              "timedOut": null,
              "duration": 17848,
              "state": "passed",
              "speed": "slow",
              "pass": true,
              "fail": false,
              "pending": false,
              "context": null,
              "code": "cy.visit('https://ecommerce-playground.lambdatest.io/index.php?route=account/register');\nconst newuser = new _registeruser.default();\nnewuser.register(\"Test\", \"test\", \"98999920881\", \"123456\");\ncy.url().should('contains', 'https://ecommerce-playground.lambdatest.io/index.php');\ncy.get(\"h1\").should(\"have.text\", \" Your Account Has Been Created!\");",
              "err": {},
              "uuid": "90e75e30-ffed-4387-8d3b-9b65b88b556a",
              "parentUUID": "088c7cb8-b35e-4f76-9e20-a96751a1d598",
              "isHook": false,
              "skipped": false
            }
          ],
          "suites": [],
          "passes": [
            "90e75e30-ffed-4387-8d3b-9b65b88b556a"
          ],
          "failures": [],
          "pending": [],
          "skipped": [],
          "duration": 17848,
          "root": false,
          "rootEmpty": false,
          "_timeout": 2000
        }
      ],
      "passes": [],
      "failures": [],
      "pending": [],
      "skipped": [],
      "duration": 0,
      "root": true,
      "rootEmpty": true,
      "_timeout": 2000
    },
    {
      "uuid": "b0dbdf17-ef62-4bb8-8edd-9839e92f51ba",
      "title": "",
      "fullFile": "cypress/e2e/1-lamdatest-input/checkbox.js",
      "file": "cypress/e2e/1-lamdatest-input/checkbox.js",
      "beforeHooks": [],
      "afterHooks": [],
      "tests": [],
      "suites": [
        {
          "uuid": "c5a01a67-5810-4f79-aed8-ac1fd54350d5",
          "title": "Suite to check checkbox feature",
          "fullFile": "",
          "file": "",
          "beforeHooks": [],
          "afterHooks": [],
          "tests": [
            {
              "title": "click on checkbox and check message",
              "fullTitle": "Suite to check checkbox feature click on checkbox and check message",
              "timedOut": null,
              "duration": 8645,
              "state": "passed",
              "speed": "medium",
              "pass": true,
              "fail": false,
              "pending": false,
              "context": null,
              "code": "cy.get(\"#isAgeSelected\").check();\ncy.get(\"#isAgeSelected\").should(\"be.checked\");\ncy.get(\"#txtAge\").should(\"have.text\", \"Success - Check box is checked\");",
              "err": {},
              "uuid": "d69e7b36-9111-4d7f-82c0-3b427524e796",
              "parentUUID": "c5a01a67-5810-4f79-aed8-ac1fd54350d5",
              "isHook": false,
              "skipped": false
            },
            {
              "title": "Select one checkbox ancd check its value",
              "fullTitle": "Suite to check checkbox feature Select one checkbox ancd check its value",
              "timedOut": null,
              "duration": 700,
              "state": "passed",
              "speed": "fast",
              "pass": true,
              "fail": false,
              "pending": false,
              "context": null,
              "code": "cy.get(\".cb-element\").each(($element, index, $list) => {\n  cy.wrap($element).should(\"not.be.checked\");\n  if (index === 1) {\n    cy.wrap($element).check();\n    cy.wrap($list).eq(1).should(\"be.checked\");\n  }\n});",
              "err": {},
              "uuid": "e73907a9-2fbf-48c9-a595-9544564d1ad1",
              "parentUUID": "c5a01a67-5810-4f79-aed8-ac1fd54350d5",
              "isHook": false,
              "skipped": false
            },
            {
              "title": "Check all check and uncheck functionality",
              "fullTitle": "Suite to check checkbox feature Check all check and uncheck functionality",
              "timedOut": null,
              "duration": 711,
              "state": "passed",
              "speed": "fast",
              "pass": true,
              "fail": false,
              "pending": false,
              "context": null,
              "code": "cy.get(\"#box\").click();\ncy.get(\"#box\").should(\"have.attr\", \"value\", \"uncheck all\");",
              "err": {},
              "uuid": "dacf945f-15b4-45ee-bf82-537cdcbe87e4",
              "parentUUID": "c5a01a67-5810-4f79-aed8-ac1fd54350d5",
              "isHook": false,
              "skipped": false
            }
          ],
          "suites": [],
          "passes": [
            "d69e7b36-9111-4d7f-82c0-3b427524e796",
            "e73907a9-2fbf-48c9-a595-9544564d1ad1",
            "dacf945f-15b4-45ee-bf82-537cdcbe87e4"
          ],
          "failures": [],
          "pending": [],
          "skipped": [],
          "duration": 10056,
          "root": false,
          "rootEmpty": false,
          "_timeout": 2000
        }
      ],
      "passes": [],
      "failures": [],
      "pending": [],
      "skipped": [],
      "duration": 0,
      "root": true,
      "rootEmpty": true,
      "_timeout": 2000
    },
    {
      "uuid": "246651a0-0780-429e-a4f3-b8425448d753",
      "title": "",
      "fullFile": "cypress/e2e/1-lamdatest-input/simpleform.js",
      "file": "cypress/e2e/1-lamdatest-input/simpleform.js",
      "beforeHooks": [],
      "afterHooks": [],
      "tests": [],
      "suites": [
        {
          "uuid": "074d5197-5970-45f6-a5dd-0b5de23a60f7",
          "title": "Simple form Suite",
          "fullFile": "",
          "file": "",
          "beforeHooks": [],
          "afterHooks": [],
          "tests": [
            {
              "title": "check input form value",
              "fullTitle": "Simple form Suite check input form value",
              "timedOut": null,
              "duration": 5343,
              "state": "passed",
              "speed": "medium",
              "pass": true,
              "fail": false,
              "pending": false,
              "context": null,
              "code": "cy.get('#user-message').type(inputdata.text);\ncy.get('#showInput').click();\ncy.get(\"#message\").should(\"have.text\", inputdata.text);",
              "err": {},
              "uuid": "f8072a3c-64a1-4767-a154-5294f9cbeb02",
              "parentUUID": "074d5197-5970-45f6-a5dd-0b5de23a60f7",
              "isHook": false,
              "skipped": false
            },
            {
              "title": "check total of two numbers",
              "fullTitle": "Simple form Suite check total of two numbers",
              "timedOut": null,
              "duration": 1564,
              "state": "passed",
              "speed": "fast",
              "pass": true,
              "fail": false,
              "pending": false,
              "context": null,
              "code": "cy.get(\"#sum1\").type(\"2\");\ncy.get(\"#sum2\").type(\"3\");\ncy.contains(\"Get values\").click();\ncy.get(\"#addmessage\").then($selector => {\n  expect($selector.text()).to.eql(\"5\");\n});\ncy.get(\"#addmessage\").invoke(\"text\").should(\"eq\", \"5\");",
              "err": {},
              "uuid": "19152781-4b8b-4065-a292-58925a6c9aed",
              "parentUUID": "074d5197-5970-45f6-a5dd-0b5de23a60f7",
              "isHook": false,
              "skipped": false
            }
          ],
          "suites": [],
          "passes": [
            "f8072a3c-64a1-4767-a154-5294f9cbeb02",
            "19152781-4b8b-4065-a292-58925a6c9aed"
          ],
          "failures": [],
          "pending": [],
          "skipped": [],
          "duration": 6907,
          "root": false,
          "rootEmpty": false,
          "_timeout": 2000
        }
      ],
      "passes": [],
      "failures": [],
      "pending": [],
      "skipped": [],
      "duration": 0,
      "root": true,
      "rootEmpty": true,
      "_timeout": 2000
    }
  ],
  "meta": {
    "mocha": {
      "version": "7.0.1"
    },
    "mochawesome": {
      "options": {
        "quiet": false,
        "reportFilename": "mochawesome",
        "saveHtml": false,
        "saveJson": true,
        "consoleReporter": "spec",
        "useInlineDiffs": false,
        "code": true
      },
      "version": "7.1.3"
    },
    "marge": {
      "options": {
        "id": "default",
        "reportDir": "cypress/results/mochawesome",
        "quite": true,
        "overwrite": false,
        "html": false,
        "json": true
      },
      "version": "6.2.0"
    }
  }
}